#
# There is insufficient memory for the Java Runtime Environment to continue.
# Native memory allocation (mmap) failed to map 134217728 bytes for G1 virtual space
# Possible reasons:
#   The system is out of physical RAM or swap space
#   The process is running with CompressedOops enabled, and the Java Heap may be blocking the growth of the native heap
# Possible solutions:
#   Reduce memory load on the system
#   Increase physical memory or swap space
#   Check if swap backing store is full
#   Decrease Java heap size (-Xmx/-Xms)
#   Decrease number of Java threads
#   Decrease Java thread stack sizes (-Xss)
#   Set larger code cache with -XX:ReservedCodeCacheSize=
#   JVM is running with Unscaled Compressed Oops mode in which the Java heap is
#     placed in the first 4GB address space. The Java Heap base address is the
#     maximum limit for the native heap growth. Please use -XX:HeapBaseMinAddress
#     to set the Java Heap base and to place the Java Heap above 4GB virtual address.
# This output file may be truncated or incomplete.
#
#  Out of Memory Error (os_windows.cpp:3771), pid=8244, tid=10800
#
# JRE version:  (17.0.7) (build )
# Java VM: OpenJDK 64-Bit Server VM (17.0.7+0-b2043.56-10550314, mixed mode, sharing, tiered, compressed oops, compressed class ptrs, g1 gc, windows-amd64)
# No core dump will be written. Minidumps are not enabled by default on client versions of Windows
#

---------------  S U M M A R Y ------------

Command Line: git4idea.http.GitAskPassApp Username for 'https://github.com': 

Host: Intel(R) Core(TM) i5-3470S CPU @ 2.90GHz, 4 cores, 7G,  Windows 10 , 64 bit Build 19041 (10.0.19041.3636)
Time: Mon Feb 26 16:23:49 2024 India Standard Time elapsed time: 0.020317 seconds (0d 0h 0m 0s)

---------------  T H R E A D  ---------------

Current thread (0x0000024fa9c3f3b0):  JavaThread "Unknown thread" [_thread_in_vm, id=10800, stack(0x00000055e9400000,0x00000055e9500000)]

Stack: [0x00000055e9400000,0x00000055e9500000]
Native frames: (J=compiled Java code, j=interpreted, Vv=VM code, C=native code)
V  [jvm.dll+0x683bfa]
V  [jvm.dll+0x8430a4]
V  [jvm.dll+0x8449be]
V  [jvm.dll+0x845023]
V  [jvm.dll+0x24ad2f]
V  [jvm.dll+0x680ac9]
V  [jvm.dll+0x67519a]
V  [jvm.dll+0x30b3cb]
V  [jvm.dll+0x312876]
V  [jvm.dll+0x36221e]
V  [jvm.dll+0x36244f]
V  [jvm.dll+0x2e14a8]
V  [jvm.dll+0x2e2414]
V  [jvm.dll+0x814391]
V  [jvm.dll+0x36ffe1]
V  [jvm.dll+0x7f396c]
V  [jvm.dll+0x3f305f]
V  [jvm.dll+0x3f4b91]
C  [jli.dll+0x528f]
C  [ucrtbase.dll+0x21bb2]
C  [KERNEL32.DLL+0x17344]
C  [ntdll.dll+0x526b1]


---------------  P R O C E S S  ---------------

Threads class SMR info:
_java_thread_list=0x00007ffa0327d098, length=0, elements={
}

Java Threads: ( => current thread )

Other Threads:
  0x0000024fa9c99c70 GCTaskThread "GC Thread#0" [stack: 0x00000055e9500000,0x00000055e9600000] [id=4420]
  0x0000024fa9caa870 ConcurrentGCThread "G1 Main Marker" [stack: 0x00000055e9600000,0x00000055e9700000] [id=4496]
  0x0000024fa9caba20 ConcurrentGCThread "G1 Conc#0" [stack: 0x00000055e9700000,0x00000055e9800000] [id=7944]

[error occurred during error reporting (printing all threads), id 0xc0000005, EXCEPTION_ACCESS_VIOLATION (0xc0000005) at pc=0x00007ffa02a32087]

VM state: not at safepoint (not fully initialized)

VM Mutex/Monitor currently owned by a thread:  ([mutex/lock_event])
[0x0000024fa9c3c2e0] Heap_lock - owner thread: 0x0000024fa9c3f3b0

Heap address: 0x0000000081a00000, size: 2022 MB, Compressed Oops mode: 32-bit

CDS archive(s) mapped at: [0x0000000000000000-0x0000000000000000-0x0000000000000000), size 0, SharedBaseAddress: 0x0000000800000000, ArchiveRelocationMode: 0.
Narrow klass base: 0x0000000000000000, Narrow klass shift: 0, Narrow klass range: 0x0

GC Precious Log:
<Empty>

Heap:
 garbage-first heap   total 0K, used 0K [0x0000000081a00000, 0x0000000100000000)
  region size 1024K, 0 young (0K), 0 survivors (0K)
 Metaspace       used 0K, committed 0K, reserved 0K
  class space    used 0K, committed 0K, reserved 0K

Heap Regions: E=young(eden), S=young(survivor), O=old, HS=humongous(starts), HC=humongous(continues), CS=collection set, F=free, OA=open archive, CA=closed archive, TAMS=top-at-mark-start (previous, next)

Card table byte_map: [0x0000024fbe340000,0x0000024fbe740000] _byte_map_base: 0x0000024fbdf33000

Marking Bits (Prev, Next): (CMBitMap*) 0x0000024fa9c9a280, (CMBitMap*) 0x0000024fa9c9a2c0
 Prev Bits: [0x0000024fbeb40000, 0x0000024fc0ad8000)
 Next Bits: [0x0000024fc0ae0000, 0x0000024fc2a78000)

GC Heap History (0 events):
No events

Dll operation events (1 events):
Event: 0.012 Loaded shared library C:\Program Files\Android\Android Studio\jbr\bin\java.dll

Deoptimization events (0 events):
No events

Classes unloaded (0 events):
No events

Classes redefined (0 events):
No events

Internal exceptions (0 events):
No events

VM Operations (0 events):
No events

Events (0 events):
No events


Dynamic libraries:
0x00007ff602cd0000 - 0x00007ff602cda000 	C:\Program Files\Android\Android Studio\jbr\bin\java.exe
0x00007ffa41050000 - 0x00007ffa41248000 	C:\Windows\SYSTEM32\ntdll.dll
0x00007ffa3f8a0000 - 0x00007ffa3f95d000 	C:\Windows\System32\KERNEL32.DLL
0x00007ffa3ec10000 - 0x00007ffa3ef06000 	C:\Windows\System32\KERNELBASE.dll
0x00007ffa3e8d0000 - 0x00007ffa3e9d0000 	C:\Windows\System32\ucrtbase.dll
0x00007ffa2ba80000 - 0x00007ffa2ba97000 	C:\Program Files\Android\Android Studio\jbr\bin\jli.dll
0x00007ffa23e70000 - 0x00007ffa23e8b000 	C:\Program Files\Android\Android Studio\jbr\bin\VCRUNTIME140.dll
0x00007ffa3fde0000 - 0x00007ffa3ff7e000 	C:\Windows\System32\USER32.dll
0x00007ffa3ebe0000 - 0x00007ffa3ec02000 	C:\Windows\System32\win32u.dll
0x00007ffa3fd10000 - 0x00007ffa3fd3b000 	C:\Windows\System32\GDI32.dll
0x00007ffa3e710000 - 0x00007ffa3e827000 	C:\Windows\System32\gdi32full.dll
0x00007ffa3e830000 - 0x00007ffa3e8cd000 	C:\Windows\System32\msvcp_win.dll
0x00007ffa2de40000 - 0x00007ffa2e0da000 	C:\Windows\WinSxS\amd64_microsoft.windows.common-controls_6595b64144ccf1df_6.0.19041.3636_none_60b6a03d71f818d5\COMCTL32.dll
0x00007ffa3fc60000 - 0x00007ffa3fcfe000 	C:\Windows\System32\msvcrt.dll
0x00007ffa3fd40000 - 0x00007ffa3fd72000 	C:\Windows\System32\IMM32.DLL
0x00007ffa3b3c0000 - 0x00007ffa3b3cc000 	C:\Program Files\Android\Android Studio\jbr\bin\vcruntime140_1.dll
0x00007ffa16340000 - 0x00007ffa163cd000 	C:\Program Files\Android\Android Studio\jbr\bin\msvcp140.dll
0x00007ffa02740000 - 0x00007ffa033c0000 	C:\Program Files\Android\Android Studio\jbr\bin\server\jvm.dll
0x00007ffa3ff80000 - 0x00007ffa40033000 	C:\Windows\System32\ADVAPI32.dll
0x00007ffa3fbc0000 - 0x00007ffa3fc5f000 	C:\Windows\System32\sechost.dll
0x00007ffa3f590000 - 0x00007ffa3f6b6000 	C:\Windows\System32\RPCRT4.dll
0x00007ffa3eff0000 - 0x00007ffa3f017000 	C:\Windows\System32\bcrypt.dll
0x00007ffa2af70000 - 0x00007ffa2af79000 	C:\Windows\SYSTEM32\WSOCK32.dll
0x00007ffa2ee00000 - 0x00007ffa2ee27000 	C:\Windows\SYSTEM32\WINMM.dll
0x00007ffa3f500000 - 0x00007ffa3f56b000 	C:\Windows\System32\WS2_32.dll
0x00007ffa30790000 - 0x00007ffa3079a000 	C:\Windows\SYSTEM32\VERSION.dll
0x00007ffa3c5e0000 - 0x00007ffa3c5f2000 	C:\Windows\SYSTEM32\kernel.appcore.dll
0x00007ffa3a1f0000 - 0x00007ffa3a1fa000 	C:\Program Files\Android\Android Studio\jbr\bin\jimage.dll
0x00007ffa2a5e0000 - 0x00007ffa2a7c4000 	C:\Windows\SYSTEM32\DBGHELP.DLL
0x00007ffa2a4a0000 - 0x00007ffa2a4d4000 	C:\Windows\SYSTEM32\dbgcore.DLL
0x00007ffa3ef60000 - 0x00007ffa3efe2000 	C:\Windows\System32\bcryptPrimitives.dll
0x00007ffa2cc50000 - 0x00007ffa2cc75000 	C:\Program Files\Android\Android Studio\jbr\bin\java.dll

dbghelp: loaded successfully - version: 4.0.5 - missing functions: none
symbol engine: initialized successfully - sym options: 0x614 - pdb path: .;C:\Program Files\Android\Android Studio\jbr\bin;C:\Windows\SYSTEM32;C:\Windows\WinSxS\amd64_microsoft.windows.common-controls_6595b64144ccf1df_6.0.19041.3636_none_60b6a03d71f818d5;C:\Program Files\Android\Android Studio\jbr\bin\server

VM Arguments:
java_command: git4idea.http.GitAskPassApp Username for 'https://github.com': 
java_class_path (initial): C:/Program Files/Android/Android Studio/plugins/vcs-git/lib/git4idea-rt.jar;C:/Program Files/Android/Android Studio/lib/externalProcess-rt.jar
Launcher Type: SUN_STANDARD

[Global flags]
     intx CICompilerCount                          = 3                                         {product} {ergonomic}
     uint ConcGCThreads                            = 1                                         {product} {ergonomic}
     uint G1ConcRefinementThreads                  = 4                                         {product} {ergonomic}
   size_t G1HeapRegionSize                         = 1048576                                   {product} {ergonomic}
    uintx GCDrainStackTargetSize                   = 64                                        {product} {ergonomic}
   size_t InitialHeapSize                          = 134217728                                 {product} {ergonomic}
   size_t MarkStackSize                            = 4194304                                   {product} {ergonomic}
   size_t MaxHeapSize                              = 2120220672                                {product} {ergonomic}
   size_t MinHeapDeltaBytes                        = 1048576                                   {product} {ergonomic}
   size_t MinHeapSize                              = 8388608                                   {product} {ergonomic}
    uintx NonNMethodCodeHeapSize                   = 5832780                                {pd product} {ergonomic}
    uintx NonProfiledCodeHeapSize                  = 122912730                              {pd product} {ergonomic}
    uintx ProfiledCodeHeapSize                     = 122912730                              {pd product} {ergonomic}
    uintx ReservedCodeCacheSize                    = 251658240                              {pd product} {ergonomic}
     bool SegmentedCodeCache                       = true                                      {product} {ergonomic}
   size_t SoftMaxHeapSize                          = 2120220672                             {manageable} {ergonomic}
     bool UseCompressedClassPointers               = true                           {product lp64_product} {ergonomic}
     bool UseCompressedOops                        = true                           {product lp64_product} {ergonomic}
     bool UseG1GC                                  = true                                      {product} {ergonomic}
     bool UseLargePagesIndividualAllocation        = false                                  {pd product} {ergonomic}

Logging:
Log output configuration:
 #0: stdout all=warning uptime,level,tags
 #1: stderr all=off uptime,level,tags

Environment Variables:
PATH=C:\Program Files\Git\mingw64\libexec\git-core;C:\Program Files\Git\mingw64\libexec\git-core;C:\Program Files\Git\mingw64\bin;C:\Program Files\Git\usr\bin;C:\Users\yellowflash\bin;C:\Program Files (x86)\Common Files\Oracle\Java\javapath;C:\Windows\system32;C:\Windows;C:\Windows\System32\Wbem;C:\Windows\System32\WindowsPowerShell\v1.0;C:\Windows\System32\OpenSSH;C:\Program Files\Git\cmd;C:\Program Files (x86)\Insta360Stitcher\tools\proStitcher;C:\Users\yellowflash\AppData\Local\Microsoft\WindowsApps;C:\Program Files (x86)\Insta360Stitcher\tools\proStitcher
USERNAME=yellowflash
DISPLAY=:0.0
LC_ALL=en_US.UTF-8
TERM=xterm-256color
TMPDIR=C:\Users\YELLOW~1\AppData\Local\Temp
OS=Windows_NT
PROCESSOR_IDENTIFIER=Intel64 Family 6 Model 58 Stepping 9, GenuineIntel
TMP=C:\Users\YELLOW~1\AppData\Local\Temp
TEMP=C:\Users\YELLOW~1\AppData\Local\Temp


JNI global refs:
JNI global refs: 0, weak refs: 0

JNI global refs memory usage: 0, weak refs: 0

OOME stack traces (most recent first):
Classloader memory used:


---------------  S Y S T E M  ---------------

OS:
 Windows 10 , 64 bit Build 19041 (10.0.19041.3636)
OS uptime: 0 days 2:22 hours

CPU: total 4 (initial active 4) (4 cores per cpu, 1 threads per core) family 6 model 58 stepping 9 microcode 0x21, cx8, cmov, fxsr, mmx, sse, sse2, sse3, ssse3, sse4.1, sse4.2, popcnt, tsc, tscinvbit, avx, aes, erms, clmul, vzeroupper, clflush

Memory: 4k page, system-wide physical 8081M (524M free)
TotalPageFile size 12456M (AvailPageFile size 82M)
current process WorkingSet (physical memory assigned to process): 10M, peak: 10M
current process commit charge ("private bytes"): 51M, peak: 179M

vm_info: OpenJDK 64-Bit Server VM (17.0.7+0-b2043.56-10550314) for windows-amd64 JRE (17.0.7+0-b2043.56-10550314), built on Jul 24 2023 18:27:45 by "androidbuild" with MS VC++ 16.10 / 16.11 (VS2019)

END.
